[2019-02-17T16:19:02.935] [DEBUG] default - msg :
[2019-02-17T16:19:03.165] [DEBUG] default - msg :您还没有登录,请登录!
[2019-02-17T16:19:03.233] [DEBUG] default - msg :您还没有登录,请登录!
[2019-02-17T16:20:21.663] [DEBUG] default - msg :
[2019-02-17T16:20:21.747] [DEBUG] default - msg :您还没有登录,请登录!
[2019-02-17T16:20:21.759] [DEBUG] default - msg :您还没有登录,请登录!
[2019-02-17T16:20:21.788] [DEBUG] default - msg :
[2019-02-17T16:20:21.854] [DEBUG] default - msg :您还没有登录,请登录!
[2019-02-17T16:20:21.876] [DEBUG] default - msg :您还没有登录,请登录!
[2019-02-17T16:20:21.919] [DEBUG] default - msg :
[2019-02-17T16:20:21.976] [DEBUG] default - msg :您还没有登录,请登录!
[2019-02-17T16:20:21.988] [DEBUG] default - msg :您还没有登录,请登录!
[2019-02-17T16:20:22.044] [DEBUG] default - msg :
[2019-02-17T16:20:22.088] [DEBUG] default - msg :您还没有登录,请登录!
[2019-02-17T16:20:22.098] [DEBUG] default - msg :您还没有登录,请登录!
[2019-02-17T16:20:22.159] [DEBUG] default - msg :
[2019-02-17T16:20:22.190] [DEBUG] default - msg :您还没有登录,请登录!
[2019-02-17T16:20:22.202] [DEBUG] default - msg :您还没有登录,请登录!
[2019-02-17T16:20:24.489] [DEBUG] default - msg :您还没有登录,请登录!
[2019-02-17T16:21:14.628] [DEBUG] default - msg :
[2019-02-17T16:21:14.715] [DEBUG] default - msg :您还没有登录,请登录!
[2019-02-17T16:21:14.776] [DEBUG] default - msg :
[2019-02-17T16:21:14.820] [DEBUG] default - msg :您还没有登录,请登录!
[2019-02-17T16:21:14.909] [DEBUG] default - msg :
[2019-02-17T16:21:14.950] [DEBUG] default - msg :您还没有登录,请登录!
[2019-02-17T16:21:15.045] [DEBUG] default - msg :
[2019-02-17T16:21:15.095] [DEBUG] default - msg :您还没有登录,请登录!
[2019-02-17T16:21:17.447] [DEBUG] default - msg :
[2019-02-17T16:21:17.500] [DEBUG] default - msg :您还没有登录,请登录!
[2019-02-17T16:21:18.188] [DEBUG] default - msg :
[2019-02-17T16:21:18.246] [DEBUG] default - msg :您还没有登录,请登录!
[2019-02-17T16:21:18.877] [DEBUG] default - msg :
[2019-02-17T16:21:18.929] [DEBUG] default - msg :您还没有登录,请登录!
[2019-02-17T16:21:39.334] [DEBUG] default - msg :
[2019-02-17T16:21:39.407] [DEBUG] default - msg :您还没有登录,请登录!
[2019-02-17T16:21:39.424] [DEBUG] default - msg :您还没有登录,请登录!
[2019-02-17T16:21:39.524] [DEBUG] default - msg :
[2019-02-17T16:21:39.592] [DEBUG] default - msg :您还没有登录,请登录!
[2019-02-17T16:21:39.603] [DEBUG] default - msg :您还没有登录,请登录!
[2019-02-17T16:21:39.670] [DEBUG] default - msg :
[2019-02-17T16:21:39.702] [DEBUG] default - msg :您还没有登录,请登录!
[2019-02-17T16:21:39.716] [DEBUG] default - msg :您还没有登录,请登录!
[2019-02-17T16:21:40.920] [DEBUG] default - msg :
[2019-02-17T16:21:40.977] [DEBUG] default - msg :您还没有登录,请登录!
[2019-02-17T16:21:40.993] [DEBUG] default - msg :您还没有登录,请登录!
[2019-02-17T16:21:41.059] [DEBUG] default - msg :
[2019-02-17T16:21:41.093] [DEBUG] default - msg :您还没有登录,请登录!
[2019-02-17T16:21:41.103] [DEBUG] default - msg :您还没有登录,请登录!
[2019-02-17T16:26:21.677] [DEBUG] default - msg :
[2019-02-17T16:26:21.799] [DEBUG] default - msg :您还没有登录,请登录!
[2019-02-17T16:26:21.809] [DEBUG] default - msg :您还没有登录,请登录!
[2019-02-17T16:26:24.374] [DEBUG] default - msg :
[2019-02-17T16:26:24.439] [DEBUG] default - msg :您还没有登录,请登录!
[2019-02-17T16:26:24.449] [DEBUG] default - msg :您还没有登录,请登录!
[2019-02-17T16:26:26.926] [DEBUG] default - msg :
[2019-02-17T16:26:26.977] [DEBUG] default - msg :您还没有登录,请登录!
[2019-02-17T16:26:26.991] [DEBUG] default - msg :您还没有登录,请登录!
[2019-02-17T16:26:28.004] [DEBUG] default - msg :
[2019-02-17T16:26:28.050] [DEBUG] default - msg :您还没有登录,请登录!
[2019-02-17T16:26:28.067] [DEBUG] default - msg :您还没有登录,请登录!
[2019-02-17T16:27:15.254] [DEBUG] default - msg :
[2019-02-17T16:27:15.334] [DEBUG] default - msg :您还没有登录,请登录!
[2019-02-17T16:27:15.347] [DEBUG] default - msg :您还没有登录,请登录!
[2019-02-17T16:27:15.410] [DEBUG] default - msg :
[2019-02-17T16:27:15.444] [DEBUG] default - msg :您还没有登录,请登录!
[2019-02-17T16:27:15.457] [DEBUG] default - msg :您还没有登录,请登录!
[2019-02-17T16:27:15.533] [DEBUG] default - msg :
[2019-02-17T16:27:15.568] [DEBUG] default - msg :您还没有登录,请登录!
[2019-02-17T16:27:15.584] [DEBUG] default - msg :您还没有登录,请登录!
[2019-02-17T16:27:17.539] [DEBUG] default - msg :您还没有登录,请登录!
[2019-02-17T16:27:17.744] [DEBUG] default - msg :您还没有登录,请登录!
[2019-02-17T16:27:17.944] [DEBUG] default - msg :您还没有登录,请登录!
[2019-02-17T16:27:19.056] [DEBUG] default - msg :您还没有登录,请登录!
[2019-02-17T16:27:19.262] [DEBUG] default - msg :您还没有登录,请登录!
[2019-02-17T16:28:28.871] [DEBUG] default - msg :
[2019-02-17T16:28:28.940] [DEBUG] default - msg :您还没有登录,请登录!
[2019-02-17T16:28:28.952] [DEBUG] default - msg :您还没有登录,请登录!
[2019-02-17T16:28:29.091] [DEBUG] default - msg :
[2019-02-17T16:28:29.145] [DEBUG] default - msg :您还没有登录,请登录!
[2019-02-17T16:28:29.157] [DEBUG] default - msg :您还没有登录,请登录!
[2019-02-17T16:28:31.611] [DEBUG] default - msg :您还没有登录,请登录!
[2019-02-17T16:29:20.389] [DEBUG] default - 1673
[2019-02-17T16:29:20.506] [DEBUG] default - msg :您还没有登录,请登录!
[2019-02-17T16:29:20.521] [DEBUG] default - msg :您还没有登录,请登录!
[2019-02-17T16:34:15.550] [DEBUG] default - 1673
[2019-02-17T16:34:15.639] [DEBUG] default - msg :您还没有登录,请登录!
[2019-02-17T16:34:15.653] [DEBUG] default - msg :您还没有登录,请登录!
[2019-02-17T16:34:17.068] [DEBUG] default - 1673
[2019-02-17T16:34:17.132] [DEBUG] default - msg :您还没有登录,请登录!
[2019-02-17T16:34:17.146] [DEBUG] default - msg :您还没有登录,请登录!
[2019-02-17T16:34:20.669] [DEBUG] default - msg :
[2019-02-17T16:34:20.721] [DEBUG] default - msg :您还没有登录,请登录!
[2019-02-17T16:34:20.737] [DEBUG] default - msg :您还没有登录,请登录!
[2019-02-17T16:34:21.943] [DEBUG] default - msg :
[2019-02-17T16:34:21.999] [DEBUG] default - msg :您还没有登录,请登录!
[2019-02-17T16:34:22.013] [DEBUG] default - msg :您还没有登录,请登录!
[2019-02-17T16:34:22.279] [DEBUG] default - msg :
[2019-02-17T16:34:22.332] [DEBUG] default - msg :您还没有登录,请登录!
[2019-02-17T16:34:22.342] [DEBUG] default - msg :您还没有登录,请登录!
[2019-02-17T16:34:22.480] [DEBUG] default - msg :
[2019-02-17T16:34:22.533] [DEBUG] default - msg :您还没有登录,请登录!
[2019-02-17T16:34:22.548] [DEBUG] default - msg :您还没有登录,请登录!
[2019-02-17T16:34:22.625] [DEBUG] default - msg :
[2019-02-17T16:34:22.667] [DEBUG] default - msg :您还没有登录,请登录!
[2019-02-17T16:34:22.680] [DEBUG] default - msg :您还没有登录,请登录!
[2019-02-17T16:34:22.768] [DEBUG] default - msg :
[2019-02-17T16:34:22.802] [DEBUG] default - msg :您还没有登录,请登录!
[2019-02-17T16:34:22.817] [DEBUG] default - msg :您还没有登录,请登录!
[2019-02-17T16:35:36.758] [DEBUG] default - msg :
[2019-02-17T16:35:38.541] [DEBUG] default - msg :您还没有登录,请登录!
[2019-02-17T16:35:38.555] [DEBUG] default - msg :您还没有登录,请登录!
[2019-02-17T16:35:52.387] [DEBUG] default - msg :
[2019-02-17T16:35:52.457] [DEBUG] default - msg :您还没有登录,请登录!
[2019-02-17T16:35:52.471] [DEBUG] default - msg :您还没有登录,请登录!
[2019-02-17T16:35:53.339] [DEBUG] default - msg :
[2019-02-17T16:35:53.398] [DEBUG] default - msg :您还没有登录,请登录!
[2019-02-17T16:35:53.408] [DEBUG] default - msg :您还没有登录,请登录!
[2019-02-17T16:35:53.501] [DEBUG] default - msg :
[2019-02-17T16:35:53.537] [DEBUG] default - msg :您还没有登录,请登录!
[2019-02-17T16:35:53.548] [DEBUG] default - msg :您还没有登录,请登录!
[2019-02-17T16:35:53.648] [DEBUG] default - msg :
[2019-02-17T16:35:53.691] [DEBUG] default - msg :您还没有登录,请登录!
[2019-02-17T16:35:53.703] [DEBUG] default - msg :您还没有登录,请登录!
[2019-02-17T16:35:53.770] [DEBUG] default - msg :
[2019-02-17T16:35:53.819] [DEBUG] default - msg :您还没有登录,请登录!
[2019-02-17T16:35:53.830] [DEBUG] default - msg :您还没有登录,请登录!
[2019-02-17T16:35:53.900] [DEBUG] default - msg :
[2019-02-17T16:35:53.938] [DEBUG] default - msg :您还没有登录,请登录!
[2019-02-17T16:35:53.953] [DEBUG] default - msg :您还没有登录,请登录!
[2019-02-17T16:35:54.032] [DEBUG] default - msg :
[2019-02-17T16:35:54.068] [DEBUG] default - msg :您还没有登录,请登录!
[2019-02-17T16:35:54.079] [DEBUG] default - msg :您还没有登录,请登录!
[2019-02-17T16:35:54.146] [DEBUG] default - msg :
[2019-02-17T16:35:54.199] [DEBUG] default - msg :您还没有登录,请登录!
[2019-02-17T16:35:54.210] [DEBUG] default - msg :您还没有登录,请登录!
[2019-02-17T16:35:55.695] [DEBUG] default - msg :您还没有登录,请登录!
[2019-02-17T16:35:56.109] [DEBUG] default - msg :您还没有登录,请登录!
[2019-02-17T16:35:56.269] [DEBUG] default - msg :您还没有登录,请登录!
[2019-02-17T16:37:14.635] [DEBUG] default - msg :
[2019-02-17T16:37:14.755] [DEBUG] default - msg :您还没有登录,请登录!
[2019-02-17T16:37:15.812] [DEBUG] default - msg :
[2019-02-17T16:37:15.880] [DEBUG] default - msg :您还没有登录,请登录!
[2019-02-17T16:37:16.797] [DEBUG] default - msg :
[2019-02-17T16:37:16.859] [DEBUG] default - msg :您还没有登录,请登录!
[2019-02-17T16:37:16.982] [DEBUG] default - msg :
[2019-02-17T16:37:17.041] [DEBUG] default - msg :您还没有登录,请登录!
[2019-02-17T16:37:17.152] [DEBUG] default - msg :
[2019-02-17T16:37:17.218] [DEBUG] default - msg :您还没有登录,请登录!
[2019-02-17T16:37:17.284] [DEBUG] default - msg :
[2019-02-17T16:37:17.323] [DEBUG] default - msg :您还没有登录,请登录!
[2019-02-17T16:37:17.429] [DEBUG] default - msg :
[2019-02-17T16:37:17.486] [DEBUG] default - msg :您还没有登录,请登录!
[2019-02-17T16:37:17.564] [DEBUG] default - msg :
[2019-02-17T16:37:17.607] [DEBUG] default - msg :您还没有登录,请登录!
[2019-02-17T16:37:44.090] [DEBUG] default - msg :
[2019-02-17T16:37:44.382] [DEBUG] default - msg :您还没有登录,请登录!
[2019-02-17T16:37:44.392] [DEBUG] default - msg :您还没有登录,请登录!
[2019-02-17T16:40:47.060] [DEBUG] default - msg :
[2019-02-17T16:40:47.194] [DEBUG] default - msg :您还没有登录,请登录!
[2019-02-17T16:40:47.216] [DEBUG] default - msg :您还没有登录,请登录!
[2019-02-17T16:40:47.247] [DEBUG] default - msg :
[2019-02-17T16:40:47.272] [DEBUG] default - msg :您还没有登录,请登录!,您还没有登录,请登录!
[2019-02-17T16:40:47.297] [DEBUG] default - msg :您还没有登录,请登录!
[2019-02-17T16:40:47.329] [DEBUG] default - msg :您还没有登录,请登录!
[2019-02-17T16:40:47.531] [DEBUG] default - msg :
[2019-02-17T16:40:47.559] [DEBUG] default - msg :您还没有登录,请登录!
[2019-02-17T16:40:47.579] [DEBUG] default - msg :您还没有登录,请登录!
[2019-02-17T16:40:47.827] [DEBUG] default - msg :您还没有登录,请登录!
[2019-02-17T16:40:49.024] [DEBUG] default - msg :
[2019-02-17T16:40:49.058] [DEBUG] default - msg :您还没有登录,请登录!
[2019-02-17T16:40:49.074] [DEBUG] default - msg :您还没有登录,请登录!
[2019-02-17T16:40:49.087] [DEBUG] default - msg :您还没有登录,请登录!
[2019-02-17T16:40:49.145] [DEBUG] default - msg :
[2019-02-17T16:40:49.247] [DEBUG] default - msg :您还没有登录,请登录!
[2019-02-17T16:40:49.255] [DEBUG] default - msg :您还没有登录,请登录!
[2019-02-17T16:40:49.270] [DEBUG] default - msg :您还没有登录,请登录!
[2019-02-17T16:40:49.280] [DEBUG] default - msg :
[2019-02-17T16:40:49.301] [DEBUG] default - msg :您还没有登录,请登录!
[2019-02-17T16:40:49.325] [DEBUG] default - msg :您还没有登录,请登录!
[2019-02-17T16:40:49.347] [DEBUG] default - msg :您还没有登录,请登录!
[2019-02-17T16:41:36.967] [DEBUG] default - msg :
[2019-02-17T16:41:37.000] [DEBUG] default - msg :您还没有登录,请登录!
[2019-02-17T16:41:37.050] [DEBUG] default - msg :您还没有登录,请登录!
[2019-02-17T16:41:37.064] [DEBUG] default - msg :您还没有登录,请登录!
[2019-02-17T16:41:37.729] [DEBUG] default - msg :
[2019-02-17T16:41:37.766] [DEBUG] default - msg :您还没有登录,请登录!
[2019-02-17T16:41:37.788] [DEBUG] default - msg :您还没有登录,请登录!
[2019-02-17T16:41:37.798] [DEBUG] default - msg :您还没有登录,请登录!
[2019-02-17T16:41:37.875] [DEBUG] default - msg :
[2019-02-17T16:41:37.912] [DEBUG] default - msg :您还没有登录,请登录!
[2019-02-17T16:41:37.921] [DEBUG] default - msg :您还没有登录,请登录!
[2019-02-17T16:41:37.935] [DEBUG] default - msg :您还没有登录,请登录!
[2019-02-17T16:41:37.989] [DEBUG] default - msg :
[2019-02-17T16:41:38.009] [DEBUG] default - msg :您还没有登录,请登录!
[2019-02-17T16:41:38.024] [DEBUG] default - msg :您还没有登录,请登录!
[2019-02-17T16:41:38.058] [DEBUG] default - msg :您还没有登录,请登录!
[2019-02-17T16:41:38.134] [DEBUG] default - msg :
[2019-02-17T16:41:38.157] [DEBUG] default - msg :您还没有登录,请登录!
[2019-02-17T16:41:38.170] [DEBUG] default - msg :您还没有登录,请登录!
[2019-02-17T16:41:38.181] [DEBUG] default - msg :您还没有登录,请登录!
[2019-02-17T16:43:39.730] [DEBUG] default - msg :您还没有登录,请登录!
[2019-02-17T16:43:40.313] [DEBUG] default - msg :您还没有登录,请登录!
[2019-02-17T16:44:57.454] [DEBUG] default - msg :
[2019-02-17T16:44:57.490] [DEBUG] default - msg :您还没有登录,请登录!
[2019-02-17T16:44:57.530] [DEBUG] default - msg :您还没有登录,请登录!
[2019-02-17T16:44:57.562] [DEBUG] default - msg :您还没有登录,请登录!
[2019-02-17T16:44:59.231] [DEBUG] default - msg :您还没有登录,请登录!
[2019-02-17T16:45:30.132] [DEBUG] default - msg :您还没有登录,请登录!
[2019-02-17T16:45:30.165] [DEBUG] default - msg :您还没有登录,请登录!
[2019-02-17T16:45:30.208] [DEBUG] default - msg :您还没有登录,请登录!
[2019-02-17T16:45:30.222] [DEBUG] default - msg :您还没有登录,请登录!
[2019-02-17T16:46:03.173] [DEBUG] default - msg :您还没有登录,请登录!
[2019-02-17T16:46:03.196] [DEBUG] default - msg :您还没有登录,请登录!
[2019-02-17T16:46:03.224] [DEBUG] default - msg :您还没有登录,请登录!
[2019-02-17T16:46:03.256] [DEBUG] default - msg :您还没有登录,请登录!
[2019-02-17T16:49:19.660] [DEBUG] default - msg :
[2019-02-17T16:49:22.715] [DEBUG] default - msg :
[2019-02-17T16:49:22.891] [DEBUG] default - msg :
[2019-02-17T16:49:23.027] [DEBUG] default - msg :
[2019-02-17T16:49:23.119] [DEBUG] default - msg :
[2019-02-17T16:49:48.646] [DEBUG] default - msg :
[2019-02-17T16:49:48.780] [DEBUG] default - msg :
[2019-02-17T16:49:48.882] [DEBUG] default - msg :
[2019-02-17T16:49:49.024] [DEBUG] default - msg :
[2019-02-17T16:49:58.076] [DEBUG] default - msg :
[2019-02-17T16:49:58.409] [DEBUG] default - msg :
[2019-02-17T16:50:10.133] [DEBUG] default - msg :
[2019-02-17T16:50:10.166] [DEBUG] default - msg :您还没有登录,请登录!
[2019-02-17T16:50:10.199] [DEBUG] default - msg :您还没有登录,请登录!
[2019-02-17T16:50:10.956] [DEBUG] default - msg :
[2019-02-17T16:50:10.997] [DEBUG] default - msg :您还没有登录,请登录!
[2019-02-17T16:50:11.004] [DEBUG] default - msg :您还没有登录,请登录!
[2019-02-17T16:50:11.270] [DEBUG] default - msg :
[2019-02-17T16:50:11.307] [DEBUG] default - msg :您还没有登录,请登录!
[2019-02-17T16:50:11.317] [DEBUG] default - msg :您还没有登录,请登录!
[2019-02-17T16:51:08.501] [DEBUG] default - msg :
[2019-02-17T16:51:09.480] [DEBUG] default - msg :
[2019-02-17T16:51:09.645] [DEBUG] default - msg :
[2019-02-17T16:51:09.760] [DEBUG] default - msg :
[2019-02-17T16:51:09.897] [DEBUG] default - msg :
[2019-02-17T16:51:10.011] [DEBUG] default - msg :
[2019-02-17T16:51:10.140] [DEBUG] default - msg :
[2019-02-17T16:51:52.712] [DEBUG] default - msg :
[2019-02-17T16:51:53.693] [DEBUG] default - msg :
[2019-02-17T16:51:53.838] [DEBUG] default - msg :
[2019-02-17T16:51:53.962] [DEBUG] default - msg :
[2019-02-17T16:51:54.110] [DEBUG] default - msg :
[2019-02-17T16:52:06.875] [DEBUG] default - kjhjz
[2019-02-17T16:52:11.994] [DEBUG] default - msg :
[2019-02-17T16:52:29.405] [DEBUG] default - 3d7322
[2019-02-17T16:53:03.029] [DEBUG] default - 3d7322
[2019-02-17T16:53:16.817] [DEBUG] default - msg :
[2019-02-17T16:53:43.539] [DEBUG] default - msg :
[2019-02-17T16:53:43.695] [DEBUG] default - msg :
[2019-02-17T16:53:43.822] [DEBUG] default - msg :
[2019-02-17T16:53:43.950] [DEBUG] default - msg :
[2019-02-17T16:53:44.061] [DEBUG] default - msg :
[2019-02-17T16:53:44.201] [DEBUG] default - msg :
[2019-02-17T16:56:14.410] [DEBUG] default - msg :
[2019-02-17T16:56:15.555] [DEBUG] default - msg :
[2019-02-17T16:56:16.049] [DEBUG] default - msg :
[2019-02-17T16:56:16.146] [DEBUG] default - msg :
[2019-02-17T16:56:16.283] [DEBUG] default - msg :
[2019-02-17T16:56:16.402] [DEBUG] default - msg :
[2019-02-17T16:56:16.546] [DEBUG] default - msg :
[2019-02-17T16:56:16.783] [DEBUG] default - msg :
[2019-02-17T16:56:16.792] [DEBUG] default - msg :
